<?xml version="1.0" encoding="UTF-8"?>
<testsuite name="kr.ac.jejunu.UserDaoTests" tests="2" skipped="0" failures="0" errors="0" timestamp="2022-04-01T08:11:28" hostname="gimhuibeom-ui-MacBookPro.local" time="0.489">
  <properties/>
  <testcase name="insert()" classname="kr.ac.jejunu.UserDaoTests" time="0.457"/>
  <testcase name="findById()" classname="kr.ac.jejunu.UserDaoTests" time="0.031"/>
  <system-out><![CDATA[]]></system-out>
  <system-err><![CDATA[]]></system-err>
</testsuite>
