<?xml version="1.0" encoding="UTF-8"?>
<testsuite name="kr.ac.jejunu.UserDaoTests" tests="4" skipped="0" failures="0" errors="0" timestamp="2022-03-25T08:24:49" hostname="gimhuibeom-ui-MacBookPro.local" time="0.515">
  <properties/>
  <testcase name="insert()" classname="kr.ac.jejunu.UserDaoTests" time="0.418"/>
  <testcase name="findbyId()" classname="kr.ac.jejunu.UserDaoTests" time="0.026"/>
  <testcase name="findbyIdForHalla()" classname="kr.ac.jejunu.UserDaoTests" time="0.023"/>
  <testcase name="insertForHalla()" classname="kr.ac.jejunu.UserDaoTests" time="0.047"/>
  <system-out><![CDATA[]]></system-out>
  <system-err><![CDATA[]]></system-err>
</testsuite>
