<?xml version="1.0" encoding="UTF-8"?>
<testsuite name="kr.ac.jejunu.UserDaoTests" tests="4" skipped="0" failures="0" errors="0" timestamp="2022-04-08T08:18:13" hostname="gimhuibeom-ui-MacBookPro.local" time="0.911">
  <properties/>
  <testcase name="delete()" classname="kr.ac.jejunu.UserDaoTests" time="0.751"/>
  <testcase name="insert()" classname="kr.ac.jejunu.UserDaoTests" time="0.055"/>
  <testcase name="update()" classname="kr.ac.jejunu.UserDaoTests" time="0.077"/>
  <testcase name="findById()" classname="kr.ac.jejunu.UserDaoTests" time="0.025"/>
  <system-out><![CDATA[]]></system-out>
  <system-err><![CDATA[]]></system-err>
</testsuite>
